<?xml version="1.0" encoding="UTF-8"?>
<!-- Generated by org.testng.reporters.JUnitXMLReporter -->
<testsuite hostname="DESKTOP-IQISSAG" ignored="0" name="Default test" tests="4" failures="0" timestamp="2020-04-01T21:32:03 IST" time="2.529" errors="0">
  <testcase name="checkResponseBody" time="0.022" classname="com.employeecheck.testcases.TC001_GetAllEmployees"/>
  <testcase name="checkResponseTime" time="0.001" classname="com.employeecheck.testcases.TC001_GetAllEmployees"/>
  <testcase name="checkServerType" time="0.001" classname="com.employeecheck.testcases.TC001_GetAllEmployees"/>
  <testcase name="checkStatusCode" time="0.0" classname="com.employeecheck.testcases.TC001_GetAllEmployees"/>
</testsuite> <!-- Default test -->
