<?xml version="1.0" encoding="UTF-8"?>
<!-- Generated by org.testng.reporters.JUnitXMLReporter -->
<testsuite hostname="DESKTOP-IQISSAG" ignored="0" name="Test" tests="10" failures="1" timestamp="2020-04-17T13:14:36 IST" time="3.494" errors="0">
  <testcase name="checkResponseBody" time="0.026" classname="com.employeecheck.testcases.TC001_GetAllEmployees"/>
  <testcase name="checkResponseTime" time="0.001" classname="com.employeecheck.testcases.TC001_GetAllEmployees"/>
  <testcase name="checkServerType" time="0.001" classname="com.employeecheck.testcases.TC001_GetAllEmployees"/>
  <testcase name="checkStatusCode" time="0.001" classname="com.employeecheck.testcases.TC001_GetAllEmployees"/>
  <testcase name="checkResponseBody" time="0.304" classname="com.employeecheck.testcases.TC003_PostEmployeeRecord"/>
  <testcase name="checkStatusCode" time="0.002" classname="com.employeecheck.testcases.TC003_PostEmployeeRecord"/>
  <testcase name="checkDeleteReponse" time="0.003" classname="com.employeecheck.testcases.TC004_DeleteEmployeeRecord">
    <skipped/>
  </testcase> <!-- checkDeleteReponse -->
  <testcase name="checkDeleteReponse" time="0.001" classname="com.employeecheck.testcases.TC004_DeleteEmployeeRecord">
    <skipped/>
  </testcase> <!-- checkDeleteReponse -->
  <testcase name="checkDeleteReponse" time="0.002" classname="com.employeecheck.testcases.TC004_DeleteEmployeeRecord">
    <skipped/>
  </testcase> <!-- checkDeleteReponse -->
  <testcase name="checkDeleteReponse" time="0.001" classname="com.employeecheck.testcases.TC004_DeleteEmployeeRecord">
    <failure type="java.lang.AssertionError">
      <![CDATA[java.lang.AssertionError
at org.junit.Assert.fail(Assert.java:92)
at org.junit.Assert.assertTrue(Assert.java:43)
at org.junit.Assert.assertTrue(Assert.java:54)
at com.employeecheck.testcases.TC004_DeleteEmployeeRecord.checkDeleteReponse(TC004_DeleteEmployeeRecord.java:33)
at java.util.ArrayList.forEach(ArrayList.java:1257)
... Removed 27 stack frames]]>
    </failure>
  </testcase> <!-- checkDeleteReponse -->
</testsuite> <!-- Test -->
